<configuration>
    <appender name="ConsoleAppender" class="ch.qos.logback.core.ConsoleAppender">
        <encoder>
            <pattern>%d{HH:mm:ss.SSS} [%thread] %-5level %logger{36} - %msg%n</pattern>
        </encoder>
    </appender>

    <logger name="wisematches" level="DEBUG"/>

    <root level="WARN">
        <appender-ref ref="ConsoleAppender"/>
    </root>
</configuration>